2021-09-17 13:13:04,610 - log04 - ERROR - Index Error in MIRRI0002072.json 
2021-09-17 13:15:05,191 - log04 - ERROR - Index Error in MIRRI0003385.json 
2021-09-17 13:20:37,531 - log04 - ERROR - Index Error in MIRRI0003387.json 
2021-09-17 13:23:23,196 - log04 - ERROR - Index Error in MIRRI0003388.json 
2021-09-17 13:23:53,043 - log04 - ERROR - Index Error in MIRRI0003411.json 
2021-09-17 13:25:18,737 - log04 - ERROR - Index Error in MIRRI0003462.json 
2021-09-17 13:26:05,082 - log04 - ERROR - Index Error in MIRRI0003542.json 
2021-09-17 13:26:31,483 - log04 - ERROR - Index Error in MIRRI0003629.json 
2021-09-17 13:29:08,084 - log04 - ERROR - Index Error in MIRRI0003630.json 
2021-09-17 13:34:02,575 - log04 - ERROR - Index Error in MIRRI0003631.json 
2021-09-17 13:41:00,749 - log04 - ERROR - Index Error in MIRRI0003632.json 
2021-09-17 15:33:26,086 - log04 - ERROR - Index Error in MIRRI0014090.json 
2021-09-17 15:33:26,308 - log04 - ERROR - Index Error in MIRRI0014091.json 
2021-09-20 09:05:11,290 - log04 - ERROR - Index Error in MIRRI0015095.json 
2021-09-20 09:05:29,015 - log04 - ERROR - Index Error in MIRRI0015108.json 
2021-09-20 15:08:30,888 - log04 - ERROR - Index Error in MIRRI0015262.json 
2021-09-20 15:11:12,951 - log04 - ERROR - Index Error in MIRRI0015360.json 
2021-09-20 15:12:26,537 - log04 - ERROR - Index Error in MIRRI0015407.json 
2021-09-20 15:15:21,874 - log04 - ERROR - Index Error in MIRRI0015510.json 
2021-09-20 15:16:10,600 - log04 - ERROR - Index Error in MIRRI0015543.json 
2021-09-20 15:16:32,293 - log04 - ERROR - Index Error in MIRRI0015558.json 
2021-09-20 15:24:34,081 - log04 - ERROR - Index Error in MIRRI0015840.json 
2021-09-20 15:53:19,321 - log04 - ERROR - Index Error in MIRRI0015262.json 
2021-09-20 20:41:12,798 - log04 - ERROR - Index Error in MIRRI0016770.json 
2021-09-20 20:48:01,476 - log04 - ERROR - Index Error in MIRRI0017081.json 
2021-09-20 20:48:05,789 - log04 - ERROR - Index Error in MIRRI0017085.json 
2021-09-20 20:57:18,990 - log04 - ERROR - Index Error in MIRRI0017517.json 
2021-09-20 20:58:14,153 - log04 - ERROR - Index Error in MIRRI0017562.json 
2021-09-20 21:07:10,540 - log04 - ERROR - Index Error in MIRRI0017907.json 
2021-09-20 21:10:14,216 - log04 - ERROR - Index Error in MIRRI0018050.json 
2021-09-20 21:28:01,872 - log04 - ERROR - Index Error in MIRRI0018753.json 
2021-09-21 01:27:45,391 - log04 - ERROR - Index Error in MIRRI0027022.json 
2021-09-21 01:27:45,629 - log04 - ERROR - Index Error in MIRRI0027023.json 
2021-09-21 01:27:45,844 - log04 - ERROR - Index Error in MIRRI0027024.json 
2021-09-21 01:27:46,057 - log04 - ERROR - Index Error in MIRRI0027025.json 
2021-09-21 01:27:46,261 - log04 - ERROR - Index Error in MIRRI0027026.json 
2021-09-21 01:27:46,469 - log04 - ERROR - Index Error in MIRRI0027027.json 
2021-09-21 01:27:46,681 - log04 - ERROR - Index Error in MIRRI0027028.json 
2021-09-21 01:27:46,890 - log04 - ERROR - Index Error in MIRRI0027029.json 
2021-09-21 01:30:50,153 - log04 - ERROR - Index Error in MIRRI0027150.json 
2021-09-21 01:30:50,396 - log04 - ERROR - Index Error in MIRRI0027151.json 
2022-02-17 12:49:35,056 - log04 - ERROR - Index Error in MIRRI0002072.json 
2022-02-17 14:18:06,441 - log04 - ERROR - Index Error in MIRRI0005055.json 
2022-02-17 14:18:06,695 - log04 - ERROR - Index Error in MIRRI0005056.json 
2022-02-17 14:18:08,558 - log04 - ERROR - Index Error in MIRRI0005058.json 
2022-02-17 14:18:10,343 - log04 - ERROR - Index Error in MIRRI0005060.json 
2022-02-17 14:18:15,908 - log04 - ERROR - Index Error in MIRRI0005063.json 
2022-02-17 14:18:18,544 - log04 - ERROR - Index Error in MIRRI0005065.json 
2022-02-17 14:18:22,871 - log04 - ERROR - Index Error in MIRRI0005068.json 
2022-02-17 14:18:23,103 - log04 - ERROR - Index Error in MIRRI0005069.json 
2022-02-17 14:18:49,572 - log04 - ERROR - Index Error in MIRRI0005081.json 
2022-02-17 14:18:49,811 - log04 - ERROR - Index Error in MIRRI0005082.json 
2022-02-17 14:19:21,679 - log04 - ERROR - Index Error in MIRRI0005100.json 
2022-02-17 14:21:01,323 - log04 - ERROR - Index Error in MIRRI0005161.json 
2022-02-17 14:21:09,245 - log04 - ERROR - Index Error in MIRRI0005167.json 
2022-02-17 14:28:05,272 - log04 - ERROR - Index Error in MIRRI0005430.json 
2022-02-17 14:28:05,505 - log04 - ERROR - Index Error in MIRRI0005431.json 
2022-02-17 14:28:07,380 - log04 - ERROR - Index Error in MIRRI0005433.json 
2022-02-17 14:28:07,614 - log04 - ERROR - Index Error in MIRRI0005434.json 
2022-02-17 14:28:12,333 - log04 - ERROR - Index Error in MIRRI0005438.json 
2022-02-17 14:28:15,702 - log04 - ERROR - Index Error in MIRRI0005441.json 
2022-02-17 14:28:15,940 - log04 - ERROR - Index Error in MIRRI0005442.json 
2022-02-17 14:28:16,183 - log04 - ERROR - Index Error in MIRRI0005443.json 
2022-02-17 14:28:18,157 - log04 - ERROR - Index Error in MIRRI0005445.json 
2022-02-17 14:28:24,306 - log04 - ERROR - Index Error in MIRRI0005450.json 
2022-02-17 14:28:30,827 - log04 - ERROR - Index Error in MIRRI0005455.json 
2022-02-17 14:28:32,900 - log04 - ERROR - Index Error in MIRRI0005457.json 
2022-02-17 14:28:33,145 - log04 - ERROR - Index Error in MIRRI0005458.json 
2022-02-17 14:28:33,353 - log04 - ERROR - Index Error in MIRRI0005459.json 
2022-02-17 14:28:33,569 - log04 - ERROR - Index Error in MIRRI0005460.json 
2022-02-17 14:28:33,780 - log04 - ERROR - Index Error in MIRRI0005461.json 
2022-02-17 14:28:35,389 - log04 - ERROR - Index Error in MIRRI0005463.json 
2022-02-17 14:28:39,995 - log04 - ERROR - Index Error in MIRRI0005467.json 
2022-02-17 14:57:06,655 - log04 - ERROR - Index Error in MIRRI0006452.json 
2022-02-17 14:57:06,876 - log04 - ERROR - Index Error in MIRRI0006453.json 
2022-02-17 14:57:07,123 - log04 - ERROR - Index Error in MIRRI0006454.json 
2022-02-17 14:57:07,365 - log04 - ERROR - Index Error in MIRRI0006455.json 
2022-02-17 14:57:07,608 - log04 - ERROR - Index Error in MIRRI0006456.json 
2022-02-17 14:57:42,790 - log04 - ERROR - Index Error in MIRRI0006476.json 
2022-02-17 14:57:43,044 - log04 - ERROR - Index Error in MIRRI0006477.json 
2022-02-17 15:04:35,147 - log04 - ERROR - Index Error in MIRRI0006670.json 
2022-02-17 15:04:35,376 - log04 - ERROR - Index Error in MIRRI0006671.json 
2022-02-17 15:04:35,610 - log04 - ERROR - Index Error in MIRRI0006672.json 
2022-02-17 15:04:35,859 - log04 - ERROR - Index Error in MIRRI0006673.json 
2022-02-17 15:04:36,123 - log04 - ERROR - Index Error in MIRRI0006674.json 
2022-02-17 15:04:36,374 - log04 - ERROR - Index Error in MIRRI0006675.json 
2022-02-17 15:04:36,652 - log04 - ERROR - Index Error in MIRRI0006676.json 
2022-02-17 15:04:36,914 - log04 - ERROR - Index Error in MIRRI0006677.json 
2022-02-17 15:04:37,181 - log04 - ERROR - Index Error in MIRRI0006678.json 
2022-02-17 15:04:37,485 - log04 - ERROR - Index Error in MIRRI0006679.json 
2022-02-17 15:04:37,749 - log04 - ERROR - Index Error in MIRRI0006680.json 
2022-02-17 15:04:38,029 - log04 - ERROR - Index Error in MIRRI0006681.json 
2022-02-17 15:04:38,337 - log04 - ERROR - Index Error in MIRRI0006682.json 
2022-02-17 15:04:38,593 - log04 - ERROR - Index Error in MIRRI0006683.json 
2022-02-17 15:04:38,871 - log04 - ERROR - Index Error in MIRRI0006684.json 
2022-02-17 15:04:39,138 - log04 - ERROR - Index Error in MIRRI0006685.json 
2022-02-17 15:04:39,380 - log04 - ERROR - Index Error in MIRRI0006686.json 
2022-02-17 15:04:39,649 - log04 - ERROR - Index Error in MIRRI0006687.json 
2022-02-17 15:04:39,920 - log04 - ERROR - Index Error in MIRRI0006688.json 
2022-02-17 15:04:40,202 - log04 - ERROR - Index Error in MIRRI0006689.json 
2022-02-17 15:04:40,471 - log04 - ERROR - Index Error in MIRRI0006690.json 
2022-02-17 15:04:40,734 - log04 - ERROR - Index Error in MIRRI0006691.json 
2022-02-17 15:04:40,988 - log04 - ERROR - Index Error in MIRRI0006692.json 
2022-02-17 15:04:41,259 - log04 - ERROR - Index Error in MIRRI0006693.json 
2022-02-17 15:04:42,773 - log04 - ERROR - Index Error in MIRRI0006695.json 
2022-02-17 15:04:43,039 - log04 - ERROR - Index Error in MIRRI0006696.json 
2022-02-17 15:04:50,709 - log04 - ERROR - Index Error in MIRRI0006701.json 
2022-02-17 15:04:50,950 - log04 - ERROR - Index Error in MIRRI0006702.json 
2022-02-17 15:04:51,213 - log04 - ERROR - Index Error in MIRRI0006703.json 
2022-02-17 15:04:51,501 - log04 - ERROR - Index Error in MIRRI0006704.json 
2022-02-17 15:04:55,336 - log04 - ERROR - Index Error in MIRRI0006707.json 
2022-02-17 15:04:55,601 - log04 - ERROR - Index Error in MIRRI0006708.json 
2022-02-17 15:05:42,803 - log04 - ERROR - Index Error in MIRRI0006736.json 
2022-02-17 15:05:43,068 - log04 - ERROR - Index Error in MIRRI0006737.json 
2022-02-17 15:05:43,376 - log04 - ERROR - Index Error in MIRRI0006738.json 
2022-02-17 15:05:55,618 - log04 - ERROR - Index Error in MIRRI0006746.json 
2022-02-17 15:05:55,890 - log04 - ERROR - Index Error in MIRRI0006747.json 
2022-02-17 15:07:20,236 - log04 - ERROR - Index Error in MIRRI0006794.json 
2022-02-17 15:07:42,304 - log04 - ERROR - Index Error in MIRRI0006807.json 
2022-02-17 15:10:58,508 - log04 - ERROR - Index Error in MIRRI0006911.json 
2022-02-17 15:11:05,826 - log04 - ERROR - Index Error in MIRRI0006916.json 
2022-02-17 15:11:09,680 - log04 - ERROR - Index Error in MIRRI0006919.json 
2022-02-17 15:11:09,936 - log04 - ERROR - Index Error in MIRRI0006920.json 
2022-02-17 15:11:13,485 - log04 - ERROR - Index Error in MIRRI0006923.json 
2022-02-17 15:12:37,021 - log04 - ERROR - Index Error in MIRRI0006970.json 
2022-02-17 15:21:17,631 - log04 - ERROR - Index Error in MIRRI0007216.json 
2022-02-17 15:21:17,886 - log04 - ERROR - Index Error in MIRRI0007217.json 
2022-02-17 15:26:29,578 - log04 - ERROR - Index Error in MIRRI0007387.json 
2022-02-17 15:26:29,810 - log04 - ERROR - Index Error in MIRRI0007388.json 
2022-02-17 15:26:30,043 - log04 - ERROR - Index Error in MIRRI0007389.json 
2022-02-17 15:26:30,278 - log04 - ERROR - Index Error in MIRRI0007390.json 
2022-02-17 15:26:30,497 - log04 - ERROR - Index Error in MIRRI0007391.json 
2022-02-17 15:26:30,727 - log04 - ERROR - Index Error in MIRRI0007392.json 
2022-02-17 15:26:30,951 - log04 - ERROR - Index Error in MIRRI0007393.json 
2022-02-17 15:26:31,193 - log04 - ERROR - Index Error in MIRRI0007394.json 
2022-02-17 15:26:31,412 - log04 - ERROR - Index Error in MIRRI0007395.json 
2022-02-17 15:26:31,647 - log04 - ERROR - Index Error in MIRRI0007396.json 
2022-02-17 15:26:31,880 - log04 - ERROR - Index Error in MIRRI0007397.json 
2022-02-17 15:26:32,092 - log04 - ERROR - Index Error in MIRRI0007398.json 
2022-02-17 15:26:32,305 - log04 - ERROR - Index Error in MIRRI0007399.json 
2022-02-17 15:26:32,525 - log04 - ERROR - Index Error in MIRRI0007400.json 
2022-02-17 15:26:32,744 - log04 - ERROR - Index Error in MIRRI0007401.json 
2022-02-17 15:26:59,432 - log04 - ERROR - Index Error in MIRRI0007417.json 
2022-02-17 15:26:59,681 - log04 - ERROR - Index Error in MIRRI0007418.json 
2022-02-17 15:27:05,361 - log04 - ERROR - Index Error in MIRRI0007422.json 
2022-02-17 15:27:05,574 - log04 - ERROR - Index Error in MIRRI0007423.json 
2022-02-17 15:27:05,820 - log04 - ERROR - Index Error in MIRRI0007424.json 
2022-02-17 15:27:06,065 - log04 - ERROR - Index Error in MIRRI0007425.json 
2022-02-17 15:27:06,316 - log04 - ERROR - Index Error in MIRRI0007426.json 
2022-02-17 15:27:06,561 - log04 - ERROR - Index Error in MIRRI0007427.json 
2022-02-17 15:27:06,778 - log04 - ERROR - Index Error in MIRRI0007428.json 
2022-02-17 15:27:07,024 - log04 - ERROR - Index Error in MIRRI0007429.json 
2022-02-17 15:27:07,268 - log04 - ERROR - Index Error in MIRRI0007430.json 
2022-02-17 15:27:07,522 - log04 - ERROR - Index Error in MIRRI0007431.json 
2022-02-17 15:27:07,772 - log04 - ERROR - Index Error in MIRRI0007432.json 
2022-02-17 15:27:08,019 - log04 - ERROR - Index Error in MIRRI0007433.json 
2022-02-17 15:27:08,263 - log04 - ERROR - Index Error in MIRRI0007434.json 
2022-02-17 15:27:55,979 - log04 - ERROR - Index Error in MIRRI0007461.json 
2022-02-17 15:27:56,193 - log04 - ERROR - Index Error in MIRRI0007462.json 
2022-02-17 15:27:58,398 - log04 - ERROR - Index Error in MIRRI0007464.json 
2022-02-17 15:28:39,972 - log04 - ERROR - Index Error in MIRRI0007487.json 
2022-02-17 15:28:40,203 - log04 - ERROR - Index Error in MIRRI0007488.json 
2022-02-17 15:28:40,451 - log04 - ERROR - Index Error in MIRRI0007489.json 
2022-02-17 15:29:11,310 - log04 - ERROR - Index Error in MIRRI0007506.json 
2022-02-17 15:29:15,201 - log04 - ERROR - Index Error in MIRRI0007509.json 
2022-02-17 15:29:15,446 - log04 - ERROR - Index Error in MIRRI0007510.json 
2022-02-17 15:29:15,696 - log04 - ERROR - Index Error in MIRRI0007511.json 
2022-02-17 15:29:15,951 - log04 - ERROR - Index Error in MIRRI0007512.json 
2022-02-17 15:30:57,343 - log04 - ERROR - Index Error in MIRRI0007563.json 
2022-02-17 15:30:57,597 - log04 - ERROR - Index Error in MIRRI0007564.json 
2022-02-17 15:30:57,850 - log04 - ERROR - Index Error in MIRRI0007565.json 
2022-02-17 15:30:58,107 - log04 - ERROR - Index Error in MIRRI0007566.json 
2022-02-17 15:30:58,354 - log04 - ERROR - Index Error in MIRRI0007567.json 
2022-02-17 15:30:58,604 - log04 - ERROR - Index Error in MIRRI0007568.json 
2022-02-17 15:30:58,863 - log04 - ERROR - Index Error in MIRRI0007569.json 
2022-02-17 15:30:59,118 - log04 - ERROR - Index Error in MIRRI0007570.json 
2022-02-17 15:30:59,376 - log04 - ERROR - Index Error in MIRRI0007571.json 
2022-02-17 15:30:59,626 - log04 - ERROR - Index Error in MIRRI0007572.json 
2022-02-17 15:30:59,879 - log04 - ERROR - Index Error in MIRRI0007573.json 
2022-02-17 15:31:00,117 - log04 - ERROR - Index Error in MIRRI0007574.json 
2022-02-17 15:31:00,369 - log04 - ERROR - Index Error in MIRRI0007575.json 
2022-02-17 15:31:00,621 - log04 - ERROR - Index Error in MIRRI0007576.json 
2022-02-17 15:31:00,876 - log04 - ERROR - Index Error in MIRRI0007577.json 
2022-02-17 15:31:01,123 - log04 - ERROR - Index Error in MIRRI0007578.json 
2022-02-17 15:31:01,384 - log04 - ERROR - Index Error in MIRRI0007579.json 
2022-02-17 15:31:01,628 - log04 - ERROR - Index Error in MIRRI0007580.json 
2022-02-17 15:31:01,886 - log04 - ERROR - Index Error in MIRRI0007581.json 
2022-02-17 15:37:44,559 - log04 - ERROR - Index Error in MIRRI0007772.json 
2022-02-17 15:37:48,895 - log04 - ERROR - Index Error in MIRRI0007775.json 
2022-02-17 15:37:49,144 - log04 - ERROR - Index Error in MIRRI0007776.json 
2022-02-17 15:37:49,386 - log04 - ERROR - Index Error in MIRRI0007777.json 
2022-02-17 15:37:49,639 - log04 - ERROR - Index Error in MIRRI0007778.json 
2022-02-17 15:55:59,690 - log04 - ERROR - Index Error in MIRRI0008419.json 
2022-02-17 15:56:24,137 - log04 - ERROR - Index Error in MIRRI0008437.json 
2022-02-17 16:03:29,378 - log04 - ERROR - Index Error in MIRRI0008671.json 
2022-02-17 16:03:37,188 - log04 - ERROR - Index Error in MIRRI0008676.json 
2022-02-25 15:09:09,759 - log04 - ERROR - Index Error in MIRRI0010074.json 
2022-02-25 15:09:54,770 - log04 - ERROR - Index Error in MIRRI0010097.json 
2022-02-25 15:12:19,397 - log04 - ERROR - Index Error in MIRRI0010178.json 
2022-02-25 15:18:11,132 - log04 - ERROR - Index Error in MIRRI0010337.json 
2022-02-25 15:22:41,887 - log04 - ERROR - Index Error in MIRRI0010465.json 
2022-02-25 15:27:13,229 - log04 - ERROR - Index Error in MIRRI0010617.json 
2022-02-25 15:39:50,140 - log04 - ERROR - Index Error in MIRRI0011011.json 
2022-02-25 15:47:26,890 - log04 - ERROR - Index Error in MIRRI0011254.json 
2022-02-25 16:11:18,838 - log04 - ERROR - Index Error in MIRRI0012055.json 
2022-02-25 16:21:27,260 - log04 - ERROR - Index Error in MIRRI0012359.json 
2022-02-25 16:21:27,513 - log04 - ERROR - Index Error in MIRRI0012360.json 
2022-02-25 16:22:01,559 - log04 - ERROR - Index Error in MIRRI0012382.json 
2022-02-25 16:22:03,402 - log04 - ERROR - Index Error in MIRRI0012384.json 
2022-02-25 16:22:03,652 - log04 - ERROR - Index Error in MIRRI0012385.json 
2022-02-25 16:22:03,901 - log04 - ERROR - Index Error in MIRRI0012386.json 
2022-02-25 16:22:29,327 - log04 - ERROR - Index Error in MIRRI0012402.json 
2022-02-25 16:22:31,020 - log04 - ERROR - Index Error in MIRRI0012404.json 
2022-02-25 16:23:28,779 - log04 - ERROR - Index Error in MIRRI0012437.json 
2022-02-25 16:36:32,644 - log04 - ERROR - Index Error in MIRRI0012868.json 
2022-02-25 16:36:32,865 - log04 - ERROR - Index Error in MIRRI0012869.json 
2022-02-25 16:41:54,975 - log04 - ERROR - Index Error in MIRRI0013033.json 
2022-02-25 16:48:43,746 - log04 - ERROR - Index Error in MIRRI0013229.json 
2022-02-25 16:49:19,097 - log04 - ERROR - Index Error in MIRRI0013248.json 
2022-02-25 16:59:35,793 - log04 - ERROR - Index Error in MIRRI0013560.json 
2022-02-25 17:05:52,870 - log04 - ERROR - Index Error in MIRRI0013726.json 
2022-02-25 17:06:37,804 - log04 - ERROR - Index Error in MIRRI0013748.json 
2022-02-25 17:20:07,033 - log04 - ERROR - Index Error in MIRRI0014090.json 
2022-02-25 17:20:07,301 - log04 - ERROR - Index Error in MIRRI0014091.json 
2022-02-25 17:31:18,311 - log04 - ERROR - Index Error in MIRRI0014413.json 
2022-02-25 17:39:00,604 - log04 - ERROR - Index Error in MIRRI0014619.json 
2022-02-25 17:54:44,203 - log04 - ERROR - Index Error in MIRRI0015095.json 
2022-02-25 17:55:02,211 - log04 - ERROR - Index Error in MIRRI0015108.json 
2022-02-25 17:59:17,945 - log04 - ERROR - Index Error in MIRRI0015262.json 
2022-02-25 18:02:27,113 - log04 - ERROR - Index Error in MIRRI0015360.json 
2022-02-25 18:04:02,239 - log04 - ERROR - Index Error in MIRRI0015407.json 
2022-02-25 18:07:21,065 - log04 - ERROR - Index Error in MIRRI0015510.json 
2022-02-25 18:08:27,870 - log04 - ERROR - Index Error in MIRRI0015543.json 
2022-02-25 18:09:02,027 - log04 - ERROR - Index Error in MIRRI0015558.json 
2022-02-25 18:19:07,573 - log04 - ERROR - Index Error in MIRRI0015840.json 
2022-02-25 18:50:00,796 - log04 - ERROR - Index Error in MIRRI0016770.json 
2022-02-25 19:02:10,763 - log04 - ERROR - Index Error in MIRRI0017081.json 
2022-02-25 19:02:18,042 - log04 - ERROR - Index Error in MIRRI0017085.json 
2022-02-25 19:19:19,576 - log04 - ERROR - Index Error in MIRRI0017517.json 
2022-02-25 19:20:55,355 - log04 - ERROR - Index Error in MIRRI0017562.json 
2022-02-25 19:32:19,631 - log04 - ERROR - Index Error in MIRRI0017907.json 
2022-02-25 19:37:57,029 - log04 - ERROR - Index Error in MIRRI0018050.json 
2022-02-25 20:02:58,989 - log04 - ERROR - Index Error in MIRRI0018753.json 
2022-05-23 12:19:31,128 - log04 - ERROR - Key Error in MIRRI0000604.json 
2022-05-23 12:19:42,020 - log04 - ERROR - Key Error in MIRRI0000604.json 
2022-05-23 12:20:07,561 - log04 - ERROR - Key Error in MIRRI0000604.json 
2022-05-23 12:20:21,208 - log04 - ERROR - Key Error in MIRRI0000605.json 
2022-05-23 12:21:28,081 - log04 - ERROR - Key Error in MIRRI0000605.json 
2022-05-23 12:23:12,648 - log04 - ERROR - Key Error in MIRRI0000605.json 
2022-06-25 13:25:04,042 - log04 - ERROR - Key Error in MIRRI0000613.json 
2022-06-25 13:25:09,246 - log04 - ERROR - Key Error in MIRRI0000613.json 
2022-06-25 13:28:02,948 - log04 - ERROR - Key Error in MIRRI0000613.json 
2022-06-25 13:29:19,441 - log04 - ERROR - Key Error in MIRRI0000613.json 
2022-06-25 13:29:38,869 - log04 - ERROR - Key Error in MIRRI0000613.json 
2022-06-25 13:31:02,182 - log04 - ERROR - Key Error in MIRRI0000613.json 
2022-06-25 13:32:40,869 - log04 - ERROR - Key Error in MIRRI0000613.json 
2022-06-25 13:34:08,162 - log04 - ERROR - Key Error in MIRRI0000612.json 
2022-08-01 16:22:46,442 - log04 - ERROR - Traceback (most recent call last):
IndexError: list index out of range

2022-08-01 18:37:10,500 - log04 - ERROR - Traceback (most recent call last):
IndexError: list index out of range

2022-08-01 18:46:47,429 - log04 - ERROR - Traceback (most recent call last):
IndexError: list index out of range
 in MIRRI0000761
2022-08-02 11:43:14,172 - log04 - ERROR - Traceback (most recent call last):
IndexError: list index out of range
 in MIRRI0000761
2022-08-02 12:24:41,111 - log04 - ERROR - Traceback (Most Recent Call Last):
Indexerror: List Index Out Of Range
 in MIRRI0000761
2022-08-02 12:25:03,054 - log04 - ERROR - Traceback (most recent call last):
  File "/home/user/PycharmProjects/DataMIRRI_WS/data_process.py", line 74, in get_data_values
    data_values["country"] = record_details["Country"]["Value"][0]["Name"]["Value"] #4
IndexError: list index out of range
 in MIRRI0000761
2022-08-02 12:25:49,370 - log04 - ERROR - Traceback (most recent call last):
  File "/home/user/PycharmProjects/DataMIRRI_WS/data_process.py", line 74, in get_data_values
    data_values["country"] = record_details["Country"]["Value"][0]["Name"]["Value"] #4
IndexError: list index out of range
 in MIRRI0000761
2022-08-02 12:25:58,104 - log04 - ERROR - Traceback (most recent call last):
  File "/home/user/PycharmProjects/DataMIRRI_WS/data_process.py", line 74, in get_data_values
    data_values["country"] = record_details["Country"]["Value"][0]["Name"]["Value"] #4
IndexError: list index out of range
 in MIRRI0000761
2022-08-02 12:26:07,277 - log04 - ERROR - Traceback (most recent call last):
  File "/home/user/PycharmProjects/DataMIRRI_WS/data_process.py", line 74, in get_data_values
    data_values["country"] = record_details["Country"]["Value"][0]["Name"]["Value"] #4
IndexError: list index out of range
 in MIRRI0000761
2022-08-02 12:26:15,031 - log04 - ERROR - Traceback (most recent call last):
IndexError: list index out of range
 in MIRRI0000761
2022-08-02 12:30:17,909 - log04 - ERROR - Traceback (most recent call last):
IndexError: list index out of range
 in MIRRI0000761
2022-08-02 12:30:38,445 - log04 - ERROR - Traceback (most recent call last):
IndexError: list index out of range
 in MIRRI0000761
2022-08-02 12:32:46,919 - log04 - ERROR - ['Traceback (most recent call last):\n', 'IndexError: list index out of range\n'] in MIRRI0000761
2022-08-02 12:33:07,081 - log04 - ERROR - ['Traceback (most recent call last):\n', 'IndexError: list index out of range\n'] in MIRRI0000761
2022-08-02 12:33:15,033 - log04 - ERROR - ['Traceback (most recent call last):\n', 'IndexError: list index out of range\n'] in MIRRI0000761
2022-08-02 12:33:22,399 - log04 - ERROR - ['Traceback (most recent call last):', 'IndexError: list index out of range'] in MIRRI0000761
2022-08-02 12:33:47,466 - log04 - ERROR - ['Traceback (most recent call last):', 'IndexError: list index out of range'] in MIRRI0000761
2022-08-02 13:22:52,160 - log04 - ERROR - Traceback (most recent call last):
IndexError: list index out of range
 in MIRRI0000761
